\BOOKMARK [1][-]{section.1}{Introduction}{}% 1
\BOOKMARK [2][-]{subsection.1.1}{Background}{section.1}% 2
\BOOKMARK [2][-]{subsection.1.2}{Usage}{section.1}% 3
\BOOKMARK [3][-]{subsubsection.1.2.1}{Computer games}{subsection.1.2}% 4
\BOOKMARK [3][-]{subsubsection.1.2.2}{Movies}{subsection.1.2}% 5
\BOOKMARK [1][-]{section.2}{Metoder}{}% 6
\BOOKMARK [2][-]{subsection.2.1}{Navier-Stokes ekvationer}{section.2}% 7
\BOOKMARK [2][-]{subsection.2.2}{SPH, Smoothed Particle Hydrodynamics}{section.2}% 8
\BOOKMARK [2][-]{subsection.2.3}{Particles}{section.2}% 9
\BOOKMARK [2][-]{subsection.2.4}{Marching Cubes}{section.2}% 10
\BOOKMARK [2][-]{subsection.2.5}{C\043/.Net och XNA}{section.2}% 11
\BOOKMARK [1][-]{section.3}{System description}{}% 12
\BOOKMARK [2][-]{subsection.3.1}{System}{section.3}% 13
\BOOKMARK [2][-]{subsection.3.2}{Physical history}{section.3}% 14
\BOOKMARK [2][-]{subsection.3.3}{Density}{section.3}% 15
\BOOKMARK [2][-]{subsection.3.4}{Pressure}{section.3}% 16
\BOOKMARK [2][-]{subsection.3.5}{Viscosity}{section.3}% 17
\BOOKMARK [2][-]{subsection.3.6}{Force simulation}{section.3}% 18
\BOOKMARK [1][-]{section.4}{Implementation}{}% 19
\BOOKMARK [2][-]{subsection.4.1}{Neighbors and Forces}{section.4}% 20
\BOOKMARK [2][-]{subsection.4.2}{Collision Handling}{section.4}% 21
\BOOKMARK [2][-]{subsection.4.3}{Changing Simulation Behaviour}{section.4}% 22
\BOOKMARK [2][-]{subsection.4.4}{Rendering}{section.4}% 23
\BOOKMARK [1][-]{section.5}{Results}{}% 24
\BOOKMARK [1][-]{section.6}{Conclusion}{}% 25
\BOOKMARK [1][-]{section.7}{References}{}% 26
\BOOKMARK [1][-]{appendix.A}{Screen captures}{}% 27
