This is pdfTeX, Version 3.1415926-1.40.10 (MiKTeX 2.8) (preloaded format=pdflatex 2011.3.3)  14 MAR 2011 01:50
entering extended mode
**R:/Documents/[Skola]/TNM085*-*Mosprojekt/modelleringsprojekt/rapport_final/ra
pport01.tex

("R:/Documents/[Skola]/TNM085 - Mosprojekt/modelleringsprojekt/rapport_final/ra
pport01.tex"
LaTeX2e <2009/09/24>
Babel <v3.8l> and hyphenation patterns for english, dumylang, nohyphenation, ge
rman, ngerman, german-x-2009-06-19, ngerman-x-2009-06-19, french, loaded.
(R:\[Program]\MiKTeX\tex\latex\base\article.cls
Document Class: article 2007/10/19 v1.4h Standard LaTeX document class
(R:\[Program]\MiKTeX\tex\latex\base\size10.clo
File: size10.clo 2007/10/19 v1.4h Standard LaTeX file (size option)
)
\c@part=\count79
\c@section=\count80
\c@subsection=\count81
\c@subsubsection=\count82
\c@paragraph=\count83
\c@subparagraph=\count84
\c@figure=\count85
\c@table=\count86
\abovecaptionskip=\skip41
\belowcaptionskip=\skip42
\bibindent=\dimen102
)
(R:\[Program]\MiKTeX\tex\latex\base\fontenc.sty
Package: fontenc 2005/09/27 v1.99g Standard LaTeX package

(R:\[Program]\MiKTeX\tex\latex\base\t1enc.def
File: t1enc.def 2005/09/27 v1.99g Standard LaTeX file
LaTeX Font Info:    Redeclaring font encoding T1 on input line 43.
))
(R:\[Program]\MiKTeX\tex\generic\babel\babel.sty
Package: babel 2008/07/06 v3.8l The Babel package

*************************************
* Local config file bblopts.cfg used
*
(R:\[Program]\MiKTeX\tex\latex\00miktex\bblopts.cfg
File: bblopts.cfg 2006/07/31 v1.0 MiKTeX 'babel' configuration
)
(R:\[Program]\MiKTeX\tex\generic\babel\english.ldf
Language: english 2005/03/30 v3.3o English support from the babel system

(R:\[Program]\MiKTeX\tex\generic\babel\babel.def
File: babel.def 2008/07/06 v3.8l Babel common definitions
\babel@savecnt=\count87
\U@D=\dimen103
)
\l@canadian = a dialect from \language\l@american 
\l@australian = a dialect from \language\l@british 
\l@newzealand = a dialect from \language\l@british 
))
(R:\[Program]\MiKTeX\tex\latex\amsfonts\amssymb.sty
Package: amssymb 2009/06/22 v3.00

(R:\[Program]\MiKTeX\tex\latex\amsfonts\amsfonts.sty
Package: amsfonts 2009/06/22 v3.00 Basic AMSFonts support
\@emptytoks=\toks14
\symAMSa=\mathgroup4
\symAMSb=\mathgroup5
LaTeX Font Info:    Overwriting math alphabet `\mathfrak' in version `bold'
(Font)                  U/euf/m/n --> U/euf/b/n on input line 96.
))
(R:\[Program]\MiKTeX\tex\latex\graphics\graphicx.sty
Package: graphicx 1999/02/16 v1.0f Enhanced LaTeX Graphics (DPC,SPQR)

(R:\[Program]\MiKTeX\tex\latex\graphics\keyval.sty
Package: keyval 1999/03/16 v1.13 key=value parser (DPC)
\KV@toks@=\toks15
)
(R:\[Program]\MiKTeX\tex\latex\graphics\graphics.sty
Package: graphics 2009/02/05 v1.0o Standard LaTeX Graphics (DPC,SPQR)

(R:\[Program]\MiKTeX\tex\latex\graphics\trig.sty
Package: trig 1999/03/16 v1.09 sin cos tan (DPC)
)
(R:\[Program]\MiKTeX\tex\latex\00miktex\graphics.cfg
File: graphics.cfg 2007/01/18 v1.5 graphics configuration of teTeX/TeXLive
)
Package graphics Info: Driver file: pdftex.def on input line 91.

(R:\[Program]\MiKTeX\tex\latex\pdftex-def\pdftex.def
File: pdftex.def 2010/02/14 v0.04n Graphics/color for pdfTeX
\Gread@gobject=\count88
))
\Gin@req@height=\dimen104
\Gin@req@width=\dimen105
)
(R:\[Program]\MiKTeX\tex\latex\fancyhdr\fancyhdr.sty
\fancy@headwidth=\skip43
\f@ncyO@elh=\skip44
\f@ncyO@erh=\skip45
\f@ncyO@olh=\skip46
\f@ncyO@orh=\skip47
\f@ncyO@elf=\skip48
\f@ncyO@erf=\skip49
\f@ncyO@olf=\skip50
\f@ncyO@orf=\skip51
)
(R:\[Program]\MiKTeX\tex\latex\listings\listings.sty
\lst@mode=\count89
\lst@gtempboxa=\box26
\lst@token=\toks16
\lst@length=\count90
\lst@currlwidth=\dimen106
\lst@column=\count91
\lst@pos=\count92
\lst@lostspace=\dimen107
\lst@width=\dimen108
\lst@newlines=\count93
\lst@lineno=\count94
\lst@maxwidth=\dimen109

(R:\[Program]\MiKTeX\tex\latex\listings\lstmisc.sty
File: lstmisc.sty 2007/02/22 1.4 (Carsten Heinz)
\c@lstnumber=\count95
\lst@skipnumbers=\count96
\lst@framebox=\box27
)
(R:\[Program]\MiKTeX\tex\latex\listings\listings.cfg
File: listings.cfg 2007/02/22 1.4 listings configuration
))
Package: listings 2007/02/22 1.4 (Carsten Heinz)

(R:\[Program]\MiKTeX\tex\latex\oberdiek\epstopdf.sty
Package: epstopdf 2010/02/09 v2.5 Conversion with epstopdf on the fly (HO)

(R:\[Program]\MiKTeX\tex\latex\oberdiek\epstopdf-base.sty
Package: epstopdf-base 2010/02/09 v2.5 Base part for package epstopdf

(R:\[Program]\MiKTeX\tex\generic\oberdiek\infwarerr.sty
Package: infwarerr 2010/04/08 v1.3 Providing info/warning/message (HO)
)
(R:\[Program]\MiKTeX\tex\latex\oberdiek\grfext.sty
Package: grfext 2007/09/30 v1.0 Managing graphics extensions (HO)
)
(R:\[Program]\MiKTeX\tex\latex\oberdiek\kvoptions.sty
Package: kvoptions 2010/02/22 v3.7 Keyval support for LaTeX options (HO)

(R:\[Program]\MiKTeX\tex\generic\oberdiek\kvsetkeys.sty
Package: kvsetkeys 2010/03/01 v1.9 Key value parser (HO)

(R:\[Program]\MiKTeX\tex\generic\oberdiek\etexcmds.sty
Package: etexcmds 2010/01/28 v1.3 Prefix for e-TeX command names (HO)
Package etexcmds Info: Could not find \expanded.
(etexcmds)             That can mean that you are not using pdfTeX 1.50 or
(etexcmds)             that some package has redefined \expanded.
(etexcmds)             In the latter case, load this package earlier.
)))
(R:\[Program]\MiKTeX\tex\generic\oberdiek\pdftexcmds.sty
Package: pdftexcmds 2010/04/01 v0.9 Utility functions of pdfTeX for LuaTeX (HO)


(R:\[Program]\MiKTeX\tex\generic\oberdiek\ifluatex.sty
Package: ifluatex 2010/03/01 v1.3 Provides the ifluatex switch (HO)
Package ifluatex Info: LuaTeX not detected.
)
(R:\[Program]\MiKTeX\tex\generic\oberdiek\ltxcmds.sty
Package: ltxcmds 2010/04/26 v1.7 LaTeX kernel commands for general use (HO)
)
Package pdftexcmds Info: LuaTeX not detected.
Package pdftexcmds Info: \pdf@primitive is available.
Package pdftexcmds Info: \pdf@ifprimitive is available.
)
Package grfext Info: Graphics extension search list:
(grfext)             [.png,.pdf,.jpg,.mps,.jpeg,.jbig2,.jb2,.PNG,.PDF,.JPG,.JPE
G,.JBIG2,.JB2,.eps]
(grfext)             \AppendGraphicsExtensions on input line 436.
))
(R:\[Program]\MiKTeX\tex\latex\hyperref\hyperref.sty
Package: hyperref 2010/06/18 v6.81g Hypertext links for LaTeX

(R:\[Program]\MiKTeX\tex\generic\oberdiek\pdfescape.sty
Package: pdfescape 2010/03/01 v1.9 Provides hex, PDF name and string conversion
s (HO)
)
(R:\[Program]\MiKTeX\tex\generic\oberdiek\ifpdf.sty
Package: ifpdf 2010/01/28 v2.1 Provides the ifpdf switch (HO)
Package ifpdf Info: pdfTeX in pdf mode detected.
)
(R:\[Program]\MiKTeX\tex\generic\oberdiek\ifvtex.sty
Package: ifvtex 2010/03/01 v1.5 Switches for detecting VTeX and its modes (HO)
Package ifvtex Info: VTeX not detected.
)
(R:\[Program]\MiKTeX\tex\latex\ifxetex\ifxetex.sty
Package: ifxetex 2009/01/23 v0.5 Provides ifxetex conditional
)
(R:\[Program]\MiKTeX\tex\latex\oberdiek\hycolor.sty
Package: hycolor 2009/12/12 v1.6 Color options of hyperref/bookmark (HO)

(R:\[Program]\MiKTeX\tex\latex\oberdiek\xcolor-patch.sty
Package: xcolor-patch 2009/12/12 xcolor patch
))
(R:\[Program]\MiKTeX\tex\latex\oberdiek\letltxmacro.sty
Package: letltxmacro 2008/06/24 v1.3 Let assignment for LaTeX macros (HO)
)
\@linkdim=\dimen110
\Hy@linkcounter=\count97
\Hy@pagecounter=\count98

(R:\[Program]\MiKTeX\tex\latex\hyperref\pd1enc.def
File: pd1enc.def 2010/06/18 v6.81g Hyperref: PDFDocEncoding definition (HO)
)
(R:\[Program]\MiKTeX\tex\generic\oberdiek\intcalc.sty
Package: intcalc 2007/09/27 v1.1 Expandable integer calculations (HO)
)
(R:\[Program]\MiKTeX\tex\latex\00miktex\hyperref.cfg
File: hyperref.cfg 2002/06/06 v1.2 hyperref configuration of TeXLive
)
Package hyperref Info: Hyper figures OFF on input line 3658.
Package hyperref Info: Link nesting OFF on input line 3663.
Package hyperref Info: Hyper index ON on input line 3666.
Package hyperref Info: Plain pages OFF on input line 3673.
Package hyperref Info: Backreferencing OFF on input line 3678.

Implicit mode ON; LaTeX internals redefined
Package hyperref Info: Bookmarks ON on input line 3874.
(R:\[Program]\MiKTeX\tex\latex\ltxmisc\url.sty
\Urlmuskip=\muskip10
Package: url 2006/04/12  ver 3.3  Verb mode for urls, etc.
)
LaTeX Info: Redefining \url on input line 4159.

(R:\[Program]\MiKTeX\tex\generic\oberdiek\bitset.sty
Package: bitset 2007/09/28 v1.0 Data type bit set (HO)

(R:\[Program]\MiKTeX\tex\generic\oberdiek\bigintcalc.sty
Package: bigintcalc 2007/11/11 v1.1 Expandable big integer calculations (HO)
))
\Fld@menulength=\count99
\Field@Width=\dimen111
\Fld@charsize=\dimen112
\Field@toks=\toks17
Package hyperref Info: Hyper figures OFF on input line 5137.
Package hyperref Info: Link nesting OFF on input line 5142.
Package hyperref Info: Hyper index ON on input line 5145.
Package hyperref Info: backreferencing OFF on input line 5152.
Package hyperref Info: Link coloring OFF on input line 5157.
Package hyperref Info: Link coloring with OCG OFF on input line 5162.
Package hyperref Info: PDF/A mode OFF on input line 5167.
LaTeX Info: Redefining \ref on input line 5207.
LaTeX Info: Redefining \pageref on input line 5211.

(R:\[Program]\MiKTeX\tex\generic\oberdiek\atbegshi.sty
Package: atbegshi 2010/03/25 v1.12 At begin shipout hook (HO)
)
\Hy@abspage=\count100
\c@Item=\count101
\c@Hfootnote=\count102
)
* hyperref using default driver hpdftex *
(R:\[Program]\MiKTeX\tex\latex\hyperref\hpdftex.def
File: hpdftex.def 2010/06/18 v6.81g Hyperref driver for pdfTeX

(R:\[Program]\MiKTeX\tex\latex\oberdiek\atveryend.sty
Package: atveryend 2010/03/24 v1.5 Hooks at very end of document (HO)
Package atveryend Info: \enddocument detected (standard).
)
\Fld@listcount=\count103
\c@bookmark@seq@number=\count104

(R:\[Program]\MiKTeX\tex\latex\oberdiek\rerunfilecheck.sty
Package: rerunfilecheck 2010/03/16 v1.6 Rerun checks for auxiliary files (HO)

(R:\[Program]\MiKTeX\tex\generic\oberdiek\uniquecounter.sty
Package: uniquecounter 2009/12/18 v1.1 Provides unlimited unique counter (HO)
)
Package uniquecounter Info: New unique counter `rerunfilecheck' on input line 2
71.
)
\Hy@SectionHShift=\skip52
)
(R:\[Program]\MiKTeX\tex\latex\psnfss\times.sty
Package: times 2005/04/12 PSNFSS-v9.2a (SPQR) 
)
(R:\[Program]\MiKTeX\tex\latex\ams\math\amsmath.sty
Package: amsmath 2000/07/18 v2.13 AMS math features
\@mathmargin=\skip53

For additional information on amsmath, use the `?' option.
(R:\[Program]\MiKTeX\tex\latex\ams\math\amstext.sty
Package: amstext 2000/06/29 v2.01

(R:\[Program]\MiKTeX\tex\latex\ams\math\amsgen.sty
File: amsgen.sty 1999/11/30 v2.0
\@emptytoks=\toks18
\ex@=\dimen113
))
(R:\[Program]\MiKTeX\tex\latex\ams\math\amsbsy.sty
Package: amsbsy 1999/11/29 v1.2d
\pmbraise@=\dimen114
)
(R:\[Program]\MiKTeX\tex\latex\ams\math\amsopn.sty
Package: amsopn 1999/12/14 v2.01 operator names
)
\inf@bad=\count105
LaTeX Info: Redefining \frac on input line 211.
\uproot@=\count106
\leftroot@=\count107
LaTeX Info: Redefining \overline on input line 307.
\classnum@=\count108
\DOTSCASE@=\count109
LaTeX Info: Redefining \ldots on input line 379.
LaTeX Info: Redefining \dots on input line 382.
LaTeX Info: Redefining \cdots on input line 467.
\Mathstrutbox@=\box28
\strutbox@=\box29
\big@size=\dimen115
LaTeX Font Info:    Redeclaring font encoding OML on input line 567.
LaTeX Font Info:    Redeclaring font encoding OMS on input line 568.
\macc@depth=\count110
\c@MaxMatrixCols=\count111
\dotsspace@=\muskip11
\c@parentequation=\count112
\dspbrk@lvl=\count113
\tag@help=\toks19
\row@=\count114
\column@=\count115
\maxfields@=\count116
\andhelp@=\toks20
\eqnshift@=\dimen116
\alignsep@=\dimen117
\tagshift@=\dimen118
\tagwidth@=\dimen119
\totwidth@=\dimen120
\lineht@=\dimen121
\@envbody=\toks21
\multlinegap=\skip54
\multlinetaggap=\skip55
\mathdisplay@stack=\toks22
LaTeX Info: Redefining \[ on input line 2666.
LaTeX Info: Redefining \] on input line 2667.
)
(R:\[Program]\MiKTeX\tex\latex\tools\theorem.sty
Package: theorem 1995/11/23 v2.2c Theorem extension package (FMi)
\theorem@style=\toks23
\theorem@bodyfont=\toks24
\theorempreskipamount=\skip56
\theorempostskipamount=\skip57

(R:\[Program]\MiKTeX\tex\latex\tools\thp.sty
File: thp.sty 1995/11/23 v2.2c Theorem extension package (FMi)
))
(R:\[Program]\MiKTeX\tex\latex\base\inputenc.sty
Package: inputenc 2008/03/30 v1.1d Input encoding file
\inpenc@prehook=\toks25
\inpenc@posthook=\toks26

(R:\[Program]\MiKTeX\tex\latex\base\latin1.def
File: latin1.def 2008/03/30 v1.1d Input encoding file
))
(R:\[Program]\MiKTeX\tex\latex\base\latexsym.sty
Package: latexsym 1998/08/17 v2.2e Standard LaTeX package (lasy symbols)
\symlasy=\mathgroup6
LaTeX Font Info:    Overwriting symbol font `lasy' in version `bold'
(Font)                  U/lasy/m/n --> U/lasy/b/n on input line 47.
)
\c@appendixpage=\count117

("R:\Documents\[Skola]\TNM085 - Mosprojekt\modelleringsprojekt\rapport_final\ra
pport01.aux")
LaTeX Font Info:    Checking defaults for OML/cmm/m/it on input line 70.
LaTeX Font Info:    ... okay on input line 70.
LaTeX Font Info:    Checking defaults for T1/cmr/m/n on input line 70.
LaTeX Font Info:    ... okay on input line 70.
LaTeX Font Info:    Checking defaults for OT1/cmr/m/n on input line 70.
LaTeX Font Info:    ... okay on input line 70.
LaTeX Font Info:    Checking defaults for OMS/cmsy/m/n on input line 70.
LaTeX Font Info:    ... okay on input line 70.
LaTeX Font Info:    Checking defaults for OMX/cmex/m/n on input line 70.
LaTeX Font Info:    ... okay on input line 70.
LaTeX Font Info:    Checking defaults for U/cmr/m/n on input line 70.
LaTeX Font Info:    ... okay on input line 70.
LaTeX Font Info:    Checking defaults for PD1/pdf/m/n on input line 70.
LaTeX Font Info:    ... okay on input line 70.
LaTeX Font Info:    Try loading font information for T1+ptm on input line 70.
 (R:\[Program]\MiKTeX\tex\latex\psnfss\t1ptm.fd
File: t1ptm.fd 2001/06/04 font definitions for T1/ptm.
)
(R:\[Program]\MiKTeX\tex\context\base\supp-pdf.tex
[Loading MPS to PDF converter (version 2006.09.02).]
\scratchcounter=\count118
\scratchdimen=\dimen122
\scratchbox=\box30
\nofMPsegments=\count119
\nofMParguments=\count120
\everyMPshowfont=\toks27
\MPscratchCnt=\count121
\MPscratchDim=\dimen123
\MPnumerator=\count122
\everyMPtoPDFconversion=\toks28
)
\c@lstlisting=\count123
\AtBeginShipoutBox=\box31
Package hyperref Info: Link coloring OFF on input line 70.
 (R:\[Program]\MiKTeX\tex\latex\hyperref\nameref.sty
Package: nameref 2010/04/30 v2.40 Cross-referencing by name of section

(R:\[Program]\MiKTeX\tex\latex\oberdiek\refcount.sty
Package: refcount 2008/08/11 v3.1 Data extraction from references (HO)
)
(R:\[Program]\MiKTeX\tex\generic\oberdiek\gettitlestring.sty
Package: gettitlestring 2009/12/18 v1.3 Cleanup title references (HO)
)
\c@section@level=\count124
)
LaTeX Info: Redefining \ref on input line 70.
LaTeX Info: Redefining \pageref on input line 70.
LaTeX Info: Redefining \nameref on input line 70.

("R:\Documents\[Skola]\TNM085 - Mosprojekt\modelleringsprojekt\rapport_final\ra
pport01.out")
("R:\Documents\[Skola]\TNM085 - Mosprojekt\modelleringsprojekt\rapport_final\ra
pport01.out")
\@outlinefile=\write3
LaTeX Font Info:    Try loading font information for U+msa on input line 79.
 (R:\[Program]\MiKTeX\tex\latex\amsfonts\umsa.fd
File: umsa.fd 2009/06/22 v3.00 AMS symbols A
)
LaTeX Font Info:    Try loading font information for U+msb on input line 79.

(R:\[Program]\MiKTeX\tex\latex\amsfonts\umsb.fd
File: umsb.fd 2009/06/22 v3.00 AMS symbols B
)
LaTeX Font Info:    Try loading font information for U+lasy on input line 79.

(R:\[Program]\MiKTeX\tex\latex\base\ulasy.fd
File: ulasy.fd 1998/08/17 v2.2e LaTeX symbol font definitions
)
LaTeX Font Info:    Font shape `T1/ptm/bx/n' in size <12> not available
(Font)              Font shape `T1/ptm/b/n' tried instead on input line 81.

Overfull \hbox (15.0pt too wide) in paragraph at lines 79--86
[][]
 []

LaTeX Font Info:    Font shape `T1/ptm/bx/n' in size <20.74> not available
(Font)              Font shape `T1/ptm/b/n' tried instead on input line 88.
[1

{C:/ProgramData/MiKTeX/2.8/pdftex/config/pdftex.map}]
LaTeX Font Info:    Font shape `T1/ptm/bx/n' in size <10> not available
(Font)              Font shape `T1/ptm/b/n' tried instead on input line 108.
pdfTeX warning (ext4): destination with the same identifier (name{page.1}) has 
been already used, duplicate ignored
<to be read again> 
                   \relax 
l.111 	\end{abstract}
                      [1]
LaTeX Font Info:    Font shape `T1/ptm/bx/n' in size <14.4> not available
(Font)              Font shape `T1/ptm/b/n' tried instead on input line 123.

("R:\Documents\[Skola]\TNM085 - Mosprojekt\modelleringsprojekt\rapport_final\ra
pport01.toc")
\tf@toc=\write4
pdfTeX warning (ext4): destination with the same identifier (name{page.1}) has 
been already used, duplicate ignored
<to be read again> 
                   \relax 
l.125 	\newpage
                [1]
("R:\Documents\[Skola]\TNM085 - Mosprojekt\modelleringsprojekt\rapport_final\ra
pport01.lof")
\tf@lof=\write5
 [2]
Overfull \hbox (9.64607pt too wide) in paragraph at lines 148--149
\T1/ptm/m/n/10 meth-ods are grid-based and particle-based vi-su-al-i-sa-tion. T
he use of com-puter cal-cu-la-tions
 []


Overfull \hbox (10.17648pt too wide) in paragraph at lines 148--149
\T1/ptm/m/n/10 and com-puter graph-ics has rev-o-lu-tion-ized the prospects of 
Com-pu-ta-tional Fluid Dy-nam-ics
 []


Overfull \hbox (9.39696pt too wide) in paragraph at lines 163--164
\T1/ptm/m/n/10 En välan-vänd metod för att beskriva flu-ider är Navier-Stokes e
k-va-tioner, som är fram-tagna
 []


Overfull \hbox (37.78627pt too wide) in paragraph at lines 163--164
\T1/ptm/m/n/10 an-dra lag för att beskriva hur sta-bila flu-ider flö-dar och ge
ner-erar en se-rie av dif-fer-en-tialek-va-tioner.
 []

pdfTeX warning (ext4): destination with the same identifier (name{page.1}) has 
been already used, duplicate ignored
<to be read again> 
                   \relax 
l.168 \end{equation}
                     [1]
Package epstopdf Info: Source file: <Figures/marching_cubes.eps>
(epstopdf)                    date: 2011-03-13 19:33:40
(epstopdf)                    size: 1389986 bytes
(epstopdf)             Output file: <Figures/marching_cubes-eps-converted-to.pd
f>
(epstopdf)                    date: 2011-03-13 19:33:40
(epstopdf)                    size: 31081 bytes
(epstopdf)             Command: <epstopdf --outfile=Figures/marching_cubes-eps-
converted-to.pdf Figures/marching_cubes.eps>
(epstopdf)             \includegraphics on input line 200.
Package epstopdf Info: Output file is already uptodate.

<Figures/marching_cubes-eps-converted-to.pdf, id=162, 495.8525pt x 807.015pt>
File: Figures/marching_cubes-eps-converted-to.pdf Graphic file (type pdf)

<use Figures/marching_cubes-eps-converted-to.pdf>pdfTeX warning (ext4): destina
tion with the same identifier (name{page.2}) has been already used, duplicate i
gnored
<to be read again> 
                   \relax 
l.209 \section
              {System description} [2] [3 <R:/Documents/[Skola]/TNM085 - Mospro
jekt/modelleringsprojekt/rapport_final/Figures/marching_cubes-eps-converted-to.
pdf>] [4] [5]
Underfull \hbox (badness 10000) in paragraph at lines 281--282

 []

[6] [7]
LaTeX Font Info:    Try loading font information for T1+pcr on input line 300.
 (R:\[Program]\MiKTeX\tex\latex\psnfss\t1pcr.fd
File: t1pcr.fd 2001/06/04 font definitions for T1/pcr.
)
Underfull \hbox (badness 5302) in paragraph at lines 303--307
\T1/ptm/m/it/10 and ap-pli-ca-tion t non-spherical stars. \T1/ptm/m/n/10 Monthl
y No-tices of the Royal
 []


Underfull \hbox (badness 2205) in paragraph at lines 303--307
\T1/ptm/m/n/10 As-tro-nom-i-cal So-ci-ety, 181:375-389, 1977. []$\T1/pcr/m/n/10
 http : / / adsabs . harvard .
 []


Underfull \hbox (badness 10000) in paragraph at lines 315--318
[]$\T1/pcr/m/n/10 http : / / www . iro . umontreal . ca / labs / infographie / 
papers /
 []

[8]
Package atveryend Info: Empty hook `BeforeClearDocument' on input line 324.
 [9]
Package atveryend Info: Empty hook `AfterLastShipout' on input line 324.

("R:\Documents\[Skola]\TNM085 - Mosprojekt\modelleringsprojekt\rapport_final\ra
pport01.aux")
Package atveryend Info: Executing hook `AtVeryEndDocument' on input line 324.


Package rerunfilecheck Warning: File `rapport01.out' has changed.
(rerunfilecheck)                Rerun to get outlines right
(rerunfilecheck)                or use package `bookmark'.

Package rerunfilecheck Info: Checksums for `rapport01.out':
(rerunfilecheck)             Before: A41AEC377E48ACB084D46790A7866B1B;1644
(rerunfilecheck)             After:  BBAF524836E7D00D7C960344711E06C7;1644.
 ) 
Here is how much of TeX's memory you used:
 7772 strings out of 495285
 109420 string characters out of 3181029
 188333 words of memory out of 3000000
 10739 multiletter control sequences out of 15000+200000
 58620 words of font info for 77 fonts, out of 3000000 for 9000
 14 hyphenation exceptions out of 8191
 41i,11n,43p,915b,356s stack positions out of 5000i,500n,10000p,200000b,50000s
{R:/[Program]/MiKTeX/fonts/enc/dvips/fontname/8r.enc}<R:/[Program]/MiKTeX/fon
ts/type1/public/amsfonts/cm/cmex10.pfb><R:/[Program]/MiKTeX/fonts/type1/public/
amsfonts/cm/cmmi10.pfb><R:/[Program]/MiKTeX/fonts/type1/public/amsfonts/cm/cmmi
7.pfb><R:/[Program]/MiKTeX/fonts/type1/public/amsfonts/cm/cmr10.pfb><R:/[Progra
m]/MiKTeX/fonts/type1/public/amsfonts/cm/cmr7.pfb><R:/[Program]/MiKTeX/fonts/ty
pe1/public/amsfonts/cm/cmsy10.pfb><R:/[Program]/MiKTeX/fonts/type1/urw/courier/
ucrr8a.pfb><R:/[Program]/MiKTeX/fonts/type1/urw/times/utmb8a.pfb><R:/[Program]/
MiKTeX/fonts/type1/urw/times/utmr8a.pfb><R:/[Program]/MiKTeX/fonts/type1/urw/ti
mes/utmri8a.pfb>
Output written on rapport01.pdf (13 pages, 174795 bytes).
PDF statistics:
 278 PDF objects out of 1000 (max. 8388607)
 52 named destinations out of 1000 (max. 500000)
 222 words of extra memory for PDF output out of 10000 (max. 10000000)

