\BOOKMARK [1][-]{section.1}{Introduktion}{}% 1
\BOOKMARK [2][-]{subsection.1.1}{Bakgrund}{section.1}% 2
\BOOKMARK [2][-]{subsection.1.2}{Anv\344ndningsomr\345den}{section.1}% 3
\BOOKMARK [3][-]{subsubsection.1.2.1}{Datorspel}{subsection.1.2}% 4
\BOOKMARK [3][-]{subsubsection.1.2.2}{Effekter i film}{subsection.1.2}% 5
\BOOKMARK [1][-]{section.2}{Metoder}{}% 6
\BOOKMARK [2][-]{subsection.2.1}{Navier-Stokes ekvationer}{section.2}% 7
\BOOKMARK [2][-]{subsection.2.2}{SPH, Smoothed Particle Hydrodynamics}{section.2}% 8
\BOOKMARK [2][-]{subsection.2.3}{Marching Cubes}{section.2}% 9
\BOOKMARK [2][-]{subsection.2.4}{C\043/.Net och XNA}{section.2}% 10
\BOOKMARK [1][-]{section.3}{Systembeskrivning}{}% 11
\BOOKMARK [2][-]{subsection.3.1}{Densitet}{section.3}% 12
\BOOKMARK [2][-]{subsection.3.2}{Tryck}{section.3}% 13
\BOOKMARK [2][-]{subsection.3.3}{Viskositet}{section.3}% 14
\BOOKMARK [2][-]{subsection.3.4}{Ytsp\344nning}{section.3}% 15
\BOOKMARK [2][-]{subsection.3.5}{Slutliga ber\344kningar}{section.3}% 16
\BOOKMARK [1][-]{section.4}{Implementation}{}% 17
\BOOKMARK [2][-]{subsection.4.1}{Grannpartiklar och krafter}{section.4}% 18
\BOOKMARK [2][-]{subsection.4.2}{Kollisionshantering}{section.4}% 19
\BOOKMARK [2][-]{subsection.4.3}{Att \344ndra simulationsbeteende}{section.4}% 20
\BOOKMARK [2][-]{subsection.4.4}{Rendering}{section.4}% 21
\BOOKMARK [1][-]{section.5}{Resultat}{}% 22
\BOOKMARK [1][-]{section.6}{Slutsats}{}% 23
\BOOKMARK [1][-]{section.7}{References}{}% 24
\BOOKMARK [1][-]{appendix.A}{Sk\344rmdumpar}{}% 25
